<?xml version="1.0" encoding="UTF-8"?>
<robot generator="Robot 3.0.4 (Python 3.6.5 on win32)" generated="20180523 16:52:21.574">
<suite id="s1" name="Tests" source="C:\Users\cdoheny\PycharmProjects\PathwaysUI\tests">
<suite id="s1-s1" name="Start" source="C:\Users\cdoheny\PycharmProjects\PathwaysUI\tests\Start.robot">
<test id="s1-s1-t1" name="Login User">
<kw name="Begin Web Test" library="Common" type="setup">
<kw name="Open Browser" library="SeleniumLibrary">
<doc>Opens a new browser instance to the given ``url``.</doc>
<arguments>
<arg>https://52.236.39.33/PatientPathway/</arg>
<arg>chrome</arg>
</arguments>
<msg timestamp="20180523 16:52:21.765" level="INFO">Opening browser 'chrome' to base url 'https://52.236.39.33/PatientPathway/'.</msg>
<status status="PASS" starttime="20180523 16:52:21.765" endtime="20180523 16:52:26.990"></status>
</kw>
<kw name="Maximize Browser Window" library="SeleniumLibrary">
<doc>Maximizes current browser window.</doc>
<status status="PASS" starttime="20180523 16:52:26.990" endtime="20180523 16:52:28.157"></status>
</kw>
<status status="PASS" starttime="20180523 16:52:21.765" endtime="20180523 16:52:28.157"></status>
</kw>
<kw name="Login User" library="Pathways">
<kw name="Select Login" library="pathwaysPO">
<kw name="Wait Until Element Is Visible" library="SeleniumLibrary">
<doc>Waits until element ``locator`` is visible.</doc>
<arguments>
<arg>${Btn_Login}</arg>
</arguments>
<status status="PASS" starttime="20180523 16:52:28.157" endtime="20180523 16:52:28.191"></status>
</kw>
<kw name="Click Button" library="SeleniumLibrary">
<doc>Clicks button identified by ``locator``.</doc>
<arguments>
<arg>${Btn_Login}</arg>
</arguments>
<msg timestamp="20180523 16:52:28.191" level="INFO">Clicking button 'id=btnLoginFhir'.</msg>
<status status="PASS" starttime="20180523 16:52:28.191" endtime="20180523 16:52:30.076"></status>
</kw>
<status status="PASS" starttime="20180523 16:52:28.157" endtime="20180523 16:52:30.076"></status>
</kw>
<kw name="Enter Username" library="pathwaysPO">
<kw name="Wait Until Element Is Visible" library="SeleniumLibrary">
<doc>Waits until element ``locator`` is visible.</doc>
<arguments>
<arg>${Txt_Username}</arg>
</arguments>
<status status="PASS" starttime="20180523 16:52:30.076" endtime="20180523 16:52:30.901"></status>
</kw>
<kw name="Input Text" library="SeleniumLibrary">
<doc>Types the given ``text`` into text field identified by ``locator``.</doc>
<arguments>
<arg>${Txt_Username}</arg>
<arg>portal</arg>
</arguments>
<msg timestamp="20180523 16:52:30.902" level="INFO">Typing text 'portal' into text field 'id=j_username'.</msg>
<status status="PASS" starttime="20180523 16:52:30.901" endtime="20180523 16:52:30.976"></status>
</kw>
<status status="PASS" starttime="20180523 16:52:30.076" endtime="20180523 16:52:30.976"></status>
</kw>
<kw name="Enter Password" library="pathwaysPO">
<kw name="Wait Until Element Is Visible" library="SeleniumLibrary">
<doc>Waits until element ``locator`` is visible.</doc>
<arguments>
<arg>${Txt_Password}</arg>
</arguments>
<status status="PASS" starttime="20180523 16:52:30.976" endtime="20180523 16:52:31.004"></status>
</kw>
<kw name="Input Text" library="SeleniumLibrary">
<doc>Types the given ``text`` into text field identified by ``locator``.</doc>
<arguments>
<arg>${Txt_Password}</arg>
<arg>portal</arg>
</arguments>
<msg timestamp="20180523 16:52:31.004" level="INFO">Typing text 'portal' into text field 'id=j_password'.</msg>
<status status="PASS" starttime="20180523 16:52:31.004" endtime="20180523 16:52:31.071"></status>
</kw>
<status status="PASS" starttime="20180523 16:52:30.976" endtime="20180523 16:52:31.071"></status>
</kw>
<kw name="Click Login" library="pathwaysPO">
<kw name="Click Button" library="SeleniumLibrary">
<doc>Clicks button identified by ``locator``.</doc>
<arguments>
<arg>${Btn_UserLogin}</arg>
</arguments>
<msg timestamp="20180523 16:52:31.072" level="INFO">Clicking button 'id=loginButton'.</msg>
<status status="PASS" starttime="20180523 16:52:31.072" endtime="20180523 16:52:37.955"></status>
</kw>
<status status="PASS" starttime="20180523 16:52:31.072" endtime="20180523 16:52:37.956"></status>
</kw>
<status status="PASS" starttime="20180523 16:52:28.157" endtime="20180523 16:52:37.956"></status>
</kw>
<kw name="End Web Test" library="Common" type="teardown">
<kw name="Close Browser" library="SeleniumLibrary">
<doc>Closes the current browser.</doc>
<status status="PASS" starttime="20180523 16:52:37.957" endtime="20180523 16:52:41.306"></status>
</kw>
<status status="PASS" starttime="20180523 16:52:37.956" endtime="20180523 16:52:41.306"></status>
</kw>
<status status="PASS" starttime="20180523 16:52:21.764" endtime="20180523 16:52:41.307" critical="yes"></status>
</test>
<status status="PASS" starttime="20180523 16:52:21.607" endtime="20180523 16:52:41.307"></status>
</suite>
<status status="PASS" starttime="20180523 16:52:21.574" endtime="20180523 16:52:41.307"></status>
</suite>
<statistics>
<total>
<stat pass="1" fail="0">Critical Tests</stat>
<stat pass="1" fail="0">All Tests</stat>
</total>
<tag>
</tag>
<suite>
<stat pass="1" fail="0" id="s1" name="Tests">Tests</stat>
<stat pass="1" fail="0" id="s1-s1" name="Start">Tests.Start</stat>
</suite>
</statistics>
<errors>
</errors>
</robot>
